[00:00:47] [Server thread/INFO] [net.minecraft.server.dedicated.DedicatedServer]: [pre05: Set own game mode to Survival Mode]
[00:04:50] [Server thread/INFO] [net.minecraft.server.dedicated.DedicatedServer]: [seansam10: Set the time to 1000]
[00:05:58] [Server thread/INFO] [net.minecraft.server.dedicated.DedicatedServer]: [seansam10: Teleported seansam10 to pre05]
[00:08:31] [Server thread/INFO] [net.minecraft.server.dedicated.DedicatedServer]: pre05 has made the advancement [Stone Age]
[00:09:02] [Server thread/INFO] [net.minecraft.server.dedicated.DedicatedServer]: seansam10 has made the advancement [Stone Age]
[00:09:27] [Server thread/INFO] [net.minecraft.server.dedicated.DedicatedServer]: seansam10 has made the advancement [Getting an Upgrade]
[00:13:44] [Server thread/INFO] [net.minecraft.server.dedicated.DedicatedServer]: [seansam10: Set the time to 1000]
[00:14:21] [Server thread/INFO] [net.minecraft.server.dedicated.DedicatedServer]: pre05 has made the advancement [Getting an Upgrade]
[00:24:14] [Server thread/INFO] [net.minecraft.server.dedicated.DedicatedServer]: seansam10 has made the advancement [Acquire Hardware]
[00:49:49] [Server thread/INFO] [net.minecraft.server.dedicated.DedicatedServer]: pre05 has made the advancement [Acquire Hardware]
[00:50:25] [Server thread/INFO] [net.minecraft.server.dedicated.DedicatedServer]: pre05 has made the advancement [Isn't It Iron Pick]
[00:50:29] [Server thread/INFO] [net.minecraft.server.dedicated.DedicatedServer]: seansam10 has made the advancement [Hot Stuff]
[00:54:50] [Server thread/INFO] [net.minecraft.server.dedicated.DedicatedServer]: seansam10 has made the advancement [Isn't It Iron Pick]
[00:57:59] [Server thread/INFO] [net.minecraft.server.dedicated.DedicatedServer]: seansam10 has made the advancement [Diamonds!]
[01:08:05] [Server thread/INFO] [net.minecraft.server.dedicated.DedicatedServer]: pre05 has made the advancement [Monster Hunter]
[01:33:15] [Server thread/INFO] [net.minecraft.server.dedicated.DedicatedServer]: pre05 hit the ground too hard
[01:33:36] [Server thread/INFO] [net.minecraft.server.dedicated.DedicatedServer]: [pre05: Teleported pre05 to seansam10]
[01:49:40] [Server thread/INFO] [net.minecraft.server.dedicated.DedicatedServer]: seansam10 has made the advancement [Suit Up]
[01:54:39] [Server thread/INFO] [net.minecraft.server.dedicated.DedicatedServer]: [seansam10: Changing to clear weather]
[02:04:03] [Server thread/INFO] [net.minecraft.server.dedicated.DedicatedServer]: seansam10 has made the advancement [Take Aim]
[02:20:50] [Server thread/INFO] [net.minecraft.network.NetHandlerPlayServer]: seansam10 lost connection: Disconnected
[02:20:50] [Server thread/INFO] [net.minecraft.server.dedicated.DedicatedServer]: seansam10 left the game
[02:24:46] [Server thread/INFO] [net.minecraft.server.dedicated.DedicatedServer]: [pre05: Set the time to 1000]
[02:36:25] [Netty Server IO #4/ERROR] [FML]: NetworkDispatcher exception
java.io.IOException: An established connection was aborted by the software in your host machine
	at sun.nio.ch.SocketDispatcher.read0(Native Method) ~[?:1.8.0_201]
	at sun.nio.ch.SocketDispatcher.read(Unknown Source) ~[?:1.8.0_201]
	at sun.nio.ch.IOUtil.readIntoNativeBuffer(Unknown Source) ~[?:1.8.0_201]
	at sun.nio.ch.IOUtil.read(Unknown Source) ~[?:1.8.0_201]
	at sun.nio.ch.SocketChannelImpl.read(Unknown Source) ~[?:1.8.0_201]
	at io.netty.buffer.PooledUnsafeDirectByteBuf.setBytes(PooledUnsafeDirectByteBuf.java:288) ~[PooledUnsafeDirectByteBuf.class:?]
	at io.netty.buffer.AbstractByteBuf.writeBytes(AbstractByteBuf.java:1100) ~[AbstractByteBuf.class:?]
	at io.netty.channel.socket.nio.NioSocketChannel.doReadBytes(NioSocketChannel.java:372) ~[NioSocketChannel.class:?]
	at io.netty.channel.nio.AbstractNioByteChannel$NioByteUnsafe.read(AbstractNioByteChannel.java:123) [AbstractNioByteChannel$NioByteUnsafe.class:?]
	at io.netty.channel.nio.NioEventLoop.processSelectedKey(NioEventLoop.java:624) [NioEventLoop.class:?]
	at io.netty.channel.nio.NioEventLoop.processSelectedKeysOptimized(NioEventLoop.java:559) [NioEventLoop.class:?]
	at io.netty.channel.nio.NioEventLoop.processSelectedKeys(NioEventLoop.java:476) [NioEventLoop.class:?]
	at io.netty.channel.nio.NioEventLoop.run(NioEventLoop.java:438) [NioEventLoop.class:?]
	at io.netty.util.concurrent.SingleThreadEventExecutor$5.run(SingleThreadEventExecutor.java:858) [SingleThreadEventExecutor$5.class:?]
	at java.lang.Thread.run(Unknown Source) [?:1.8.0_201]
[02:36:25] [Server thread/INFO] [net.minecraft.network.NetHandlerPlayServer]: pre05 lost connection: Internal Exception: java.io.IOException: An established connection was aborted by the software in your host machine
[02:36:25] [Server thread/INFO] [net.minecraft.server.dedicated.DedicatedServer]: pre05 left the game
